Сборка начата 01.11.2022 11:31:44.
Уровень детализации журнала: Normal.     1>Проект "C:\Users\Леново\Desktop\АОИП\[eq\лаба 11\var9_2\var9_2.vcxproj" в узле 2 (целевые объекты Build).
     1>PrepareForBuild:
         Создание каталога "x64\Debug\var9_2.tlog\".
       InitializeBuildStatus:
         Создание "x64\Debug\var9_2.tlog\unsuccessfulbuild", так как было задано "AlwaysCreate".
       ClCompile:
         C:\Program Files\Microsoft Visual Studio\2022\Community\VC\Tools\MSVC\14.33.31629\bin\HostX64\x64\CL.exe /c /ZI /JMC /nologo /W3 /WX- /diagnostics:column /sdl /Od /D _DEBUG /D _CONSOLE /D _UNICODE /D UNICODE /Gm- /EHsc /RTC1 /MDd /GS /fp:precise /Zc:wchar_t /Zc:forScope /Zc:inline /permissive- /Fo"x64\Debug\\" /Fd"x64\Debug\vc143.pdb" /external:W3 /Gd /TP /FC /errorReport:prompt Source.cpp
         Source.cpp
     1>C:\Users\Леново\Desktop\АОИП\[eq\лаба 11\var9_2\Source.cpp(22,35): warning C4554: "<<": проверьте приоритет операторов на ошибки; для уточнения приоритета используйте скобки
       Link:
         C:\Program Files\Microsoft Visual Studio\2022\Community\VC\Tools\MSVC\14.33.31629\bin\HostX64\x64\link.exe /ERRORREPORT:PROMPT /OUT:"C:\Users\Леново\Desktop\АОИП\[eq\лаба 11\laba11\x64\Debug\var9_2.exe" /INCREMENTAL /ILK:"x64\Debug\var9_2.ilk" /NOLOGO kernel32.lib user32.lib gdi32.lib winspool.lib comdlg32.lib advapi32.lib shell32.lib ole32.lib oleaut32.lib uuid.lib odbc32.lib odbccp32.lib /MANIFEST /MANIFESTUAC:"level='asInvoker' uiAccess='false'" /manifest:embed /DEBUG /PDB:"C:\Users\Леново\Desktop\АОИП\[eq\лаба 11\laba11\x64\Debug\var9_2.pdb" /SUBSYSTEM:CONSOLE /TLBID:1 /DYNAMICBASE /NXCOMPAT /IMPLIB:"C:\Users\Леново\Desktop\АОИП\[eq\лаба 11\laba11\x64\Debug\var9_2.lib" /MACHINE:X64 x64\Debug\Source.obj
         var9_2.vcxproj -> C:\Users\Леново\Desktop\АОИП\[eq\лаба 11\laba11\x64\Debug\var9_2.exe
       FinalizeBuildStatus:
         Файл "x64\Debug\var9_2.tlog\unsuccessfulbuild" удаляется.
         Обращение к "x64\Debug\var9_2.tlog\var9_2.lastbuildstate".
     1>Сборка проекта "C:\Users\Леново\Desktop\АОИП\[eq\лаба 11\var9_2\var9_2.vcxproj" завершена (целевые объекты Build).

Сборка успешно завершена.

       "C:\Users\Леново\Desktop\АОИП\[eq\лаба 11\var9_2\var9_2.vcxproj" (целевой объект Build ) (1) ->
       (Целевой объект ClCompile) -> 
         C:\Users\Леново\Desktop\АОИП\[eq\лаба 11\var9_2\Source.cpp(22,35): warning C4554: "<<": проверьте приоритет операторов на ошибки; для уточнения приоритета используйте скобки

    Предупреждений: 1
    Ошибок: 0

Прошло времени 00:00:01.91
