Сборка начата 09.10.2022 11:54:11.
Уровень детализации журнала: Normal.     1>Проект "C:\Users\Леново\Desktop\[eq\Lab6\Lab6_Do_While\Lab6_Do_While.vcxproj" в узле 2 (целевые объекты Build).
     1>InitializeBuildStatus:
         Создание "x64\Debug\Lab6_Do_While.tlog\unsuccessfulbuild", так как было задано "AlwaysCreate".
       ClCompile:
         C:\Program Files\Microsoft Visual Studio\2022\Community\VC\Tools\MSVC\14.33.31629\bin\HostX64\x64\CL.exe /c /ZI /JMC /nologo /W3 /WX- /diagnostics:column /sdl /Od /D _DEBUG /D _CONSOLE /D _UNICODE /D UNICODE /Gm- /EHsc /RTC1 /MDd /GS /fp:precise /Zc:wchar_t /Zc:forScope /Zc:inline /permissive- /Fo"x64\Debug\\" /Fd"x64\Debug\vc143.pdb" /external:W3 /Gd /TP /FC /errorReport:prompt Lab6_Do_While.cpp
         Lab6_Do_While.cpp
     1>C:\Users\Леново\Desktop\[eq\Lab6\Lab6_Do_While\Lab6_Do_While.cpp(5,13): warning C4326: возвращаемый тип "main" должен быть "int", а не "void"
     1>C:\Users\Леново\Desktop\[eq\Lab6\Lab6_Do_While\Lab6_Do_While.cpp(7,21): warning C4305: инициализация: усечение из "double" в "float"
     1>C:\Users\Леново\Desktop\[eq\Lab6\Lab6_Do_While\Lab6_Do_While.cpp(7,32): warning C4244: инициализация: преобразование "double" в "float", возможна потеря данных
     1>C:\Users\Леново\Desktop\[eq\Lab6\Lab6_Do_While\Lab6_Do_While.cpp(20,12): warning C4305: +=: усечение из "double" в "float"
     1>C:\Users\Леново\Desktop\[eq\Lab6\Lab6_Do_While\Lab6_Do_While.cpp(23,10): warning C4305: =: усечение из "double" в "float"
       Link:
         C:\Program Files\Microsoft Visual Studio\2022\Community\VC\Tools\MSVC\14.33.31629\bin\HostX64\x64\link.exe /ERRORREPORT:PROMPT /OUT:"C:\Users\Леново\Desktop\[eq\Lab6\x64\Debug\Lab6_Do_While.exe" /INCREMENTAL /ILK:"x64\Debug\Lab6_Do_While.ilk" /NOLOGO kernel32.lib user32.lib gdi32.lib winspool.lib comdlg32.lib advapi32.lib shell32.lib ole32.lib oleaut32.lib uuid.lib odbc32.lib odbccp32.lib /MANIFEST /MANIFESTUAC:"level='asInvoker' uiAccess='false'" /manifest:embed /DEBUG /PDB:"C:\Users\Леново\Desktop\[eq\Lab6\x64\Debug\Lab6_Do_While.pdb" /SUBSYSTEM:CONSOLE /TLBID:1 /DYNAMICBASE /NXCOMPAT /IMPLIB:"C:\Users\Леново\Desktop\[eq\Lab6\x64\Debug\Lab6_Do_While.lib" /MACHINE:X64 x64\Debug\Lab6_Do_While.obj
         Lab6_Do_While.vcxproj -> C:\Users\Леново\Desktop\[eq\Lab6\x64\Debug\Lab6_Do_While.exe
       FinalizeBuildStatus:
         Файл "x64\Debug\Lab6_Do_While.tlog\unsuccessfulbuild" удаляется.
         Обращение к "x64\Debug\Lab6_Do_While.tlog\Lab6_Do_While.lastbuildstate".
     1>Сборка проекта "C:\Users\Леново\Desktop\[eq\Lab6\Lab6_Do_While\Lab6_Do_While.vcxproj" завершена (целевые объекты Build).

Сборка успешно завершена.

       "C:\Users\Леново\Desktop\[eq\Lab6\Lab6_Do_While\Lab6_Do_While.vcxproj" (целевой объект Build ) (1) ->
       (Целевой объект ClCompile) -> 
         C:\Users\Леново\Desktop\[eq\Lab6\Lab6_Do_While\Lab6_Do_While.cpp(5,13): warning C4326: возвращаемый тип "main" должен быть "int", а не "void"
         C:\Users\Леново\Desktop\[eq\Lab6\Lab6_Do_While\Lab6_Do_While.cpp(7,21): warning C4305: инициализация: усечение из "double" в "float"
         C:\Users\Леново\Desktop\[eq\Lab6\Lab6_Do_While\Lab6_Do_While.cpp(7,32): warning C4244: инициализация: преобразование "double" в "float", возможна потеря данных
         C:\Users\Леново\Desktop\[eq\Lab6\Lab6_Do_While\Lab6_Do_While.cpp(20,12): warning C4305: +=: усечение из "double" в "float"
         C:\Users\Леново\Desktop\[eq\Lab6\Lab6_Do_While\Lab6_Do_While.cpp(23,10): warning C4305: =: усечение из "double" в "float"

    Предупреждений: 5
    Ошибок: 0

Прошло времени 00:00:02.25
