Сборка начата 12.02.2023 14:53:49.
Уровень детализации журнала: Normal.     1>Проект "C:\Users\Леново\Desktop\⠀\1 сем\ОАИП\[eq\example\huita\huita.vcxproj" в узле 2 (целевые объекты Build).
     1>InitializeBuildStatus:
         Создание "x64\Debug\huita.tlog\unsuccessfulbuild", так как было задано "AlwaysCreate".
       ClCompile:
         C:\Program Files\Microsoft Visual Studio\2022\Community\VC\Tools\MSVC\14.34.31933\bin\HostX64\x64\CL.exe /c /ZI /JMC /nologo /W3 /WX- /diagnostics:column /sdl /Od /D _DEBUG /D _CONSOLE /D _UNICODE /D UNICODE /Gm- /EHsc /RTC1 /MDd /GS /fp:precise /Zc:wchar_t /Zc:forScope /Zc:inline /permissive- /Fo"x64\Debug\\" /Fd"x64\Debug\vc143.pdb" /external:W3 /Gd /TP /FC /errorReport:prompt proba.cpp
         proba.cpp
     1>C:\Users\Леново\Desktop\⠀\1 сем\ОАИП\[eq\example\huita\proba.cpp(45,55): warning C4267: инициализация: преобразование из "size_t" в "int"; возможна потеря данных
       Link:
         C:\Program Files\Microsoft Visual Studio\2022\Community\VC\Tools\MSVC\14.34.31933\bin\HostX64\x64\link.exe /ERRORREPORT:PROMPT /OUT:"C:\Users\Леново\Desktop\⠀\1 сем\ОАИП\[eq\example\x64\Debug\huita.exe" /INCREMENTAL /ILK:"x64\Debug\huita.ilk" /NOLOGO kernel32.lib user32.lib gdi32.lib winspool.lib comdlg32.lib advapi32.lib shell32.lib ole32.lib oleaut32.lib uuid.lib odbc32.lib odbccp32.lib /MANIFEST /MANIFESTUAC:"level='asInvoker' uiAccess='false'" /manifest:embed /DEBUG /PDB:"C:\Users\Леново\Desktop\⠀\1 сем\ОАИП\[eq\example\x64\Debug\huita.pdb" /SUBSYSTEM:CONSOLE /TLBID:1 /DYNAMICBASE /NXCOMPAT /IMPLIB:"C:\Users\Леново\Desktop\⠀\1 сем\ОАИП\[eq\example\x64\Debug\huita.lib" /MACHINE:X64 x64\Debug\proba.obj
     1>MSVCRTD.lib(exe_main.obj) : error LNK2019: ссылка на неразрешенный внешний символ main в функции "int __cdecl invoke_main(void)" (?invoke_main@@YAHXZ).
     1>C:\Users\Леново\Desktop\⠀\1 сем\ОАИП\[eq\example\x64\Debug\huita.exe : fatal error LNK1120: неразрешенных внешних элементов: 1
     1>Сборка проекта "C:\Users\Леново\Desktop\⠀\1 сем\ОАИП\[eq\example\huita\huita.vcxproj" завершена (целевые объекты Build) с ошибкой.

Ошибка сборки.

       "C:\Users\Леново\Desktop\⠀\1 сем\ОАИП\[eq\example\huita\huita.vcxproj" (целевой объект Build ) (1) ->
       (Целевой объект ClCompile) -> 
         C:\Users\Леново\Desktop\⠀\1 сем\ОАИП\[eq\example\huita\proba.cpp(45,55): warning C4267: инициализация: преобразование из "size_t" в "int"; возможна потеря данных


       "C:\Users\Леново\Desktop\⠀\1 сем\ОАИП\[eq\example\huita\huita.vcxproj" (целевой объект Build ) (1) ->
       (Целевой объект Link) -> 
         MSVCRTD.lib(exe_main.obj) : error LNK2019: ссылка на неразрешенный внешний символ main в функции "int __cdecl invoke_main(void)" (?invoke_main@@YAHXZ).
         C:\Users\Леново\Desktop\⠀\1 сем\ОАИП\[eq\example\x64\Debug\huita.exe : fatal error LNK1120: неразрешенных внешних элементов: 1

    Предупреждений: 1
    Ошибок: 2

Прошло времени 00:00:01.15
