Сборка начата 04.12.2022 13:47:13.
Уровень детализации журнала: Normal.     1>Проект "C:\Users\Леново\Desktop\АОИП\[eq\лаба 17\var5_1\var5_1.vcxproj" в узле 2 (целевые объекты Build).
     1>PrepareForBuild:
         Создание каталога "C:\Users\Леново\Desktop\АОИП\[eq\лаба 17\var14\Debug\".
         Создание каталога "Debug\var5_1.tlog\".
       InitializeBuildStatus:
         Создание "Debug\var5_1.tlog\unsuccessfulbuild", так как было задано "AlwaysCreate".
       ClCompile:
         C:\Program Files\Microsoft Visual Studio\2022\Community\VC\Tools\MSVC\14.34.31933\bin\HostX86\x86\CL.exe /c /ZI /JMC /nologo /W3 /WX- /diagnostics:column /sdl /Od /Oy- /D WIN32 /D _DEBUG /D _CONSOLE /D _UNICODE /D UNICODE /Gm- /EHsc /RTC1 /MDd /GS /fp:precise /Zc:wchar_t /Zc:forScope /Zc:inline /permissive- /Fo"Debug\\" /Fd"Debug\vc143.pdb" /external:W3 /Gd /TP /analyze- /FC /errorReport:prompt var5_1cpp.cpp
         var5_1cpp.cpp
     1>C:\Users\Леново\Desktop\АОИП\[eq\лаба 17\var5_1\var5_1cpp.cpp(9,1): warning C4326: возвращаемый тип "main" должен быть "int", а не "void"
     1>C:\Users\Леново\Desktop\АОИП\[eq\лаба 17\var5_1\var5_1cpp.cpp(20,12): warning C4244: аргумент: преобразование "time_t" в "unsigned int", возможна потеря данных
     1>C:\Users\Леново\Desktop\АОИП\[eq\лаба 17\var5_1\var5_1cpp.cpp(46): warning C4172: возвращение адреса локальной или временной переменной : sum
       Link:
         C:\Program Files\Microsoft Visual Studio\2022\Community\VC\Tools\MSVC\14.34.31933\bin\HostX86\x86\link.exe /ERRORREPORT:PROMPT /OUT:"C:\Users\Леново\Desktop\АОИП\[eq\лаба 17\var14\Debug\var5_1.exe" /INCREMENTAL /ILK:"Debug\var5_1.ilk" /NOLOGO kernel32.lib user32.lib gdi32.lib winspool.lib comdlg32.lib advapi32.lib shell32.lib ole32.lib oleaut32.lib uuid.lib odbc32.lib odbccp32.lib /MANIFEST /MANIFESTUAC:"level='asInvoker' uiAccess='false'" /manifest:embed /DEBUG /PDB:"C:\Users\Леново\Desktop\АОИП\[eq\лаба 17\var14\Debug\var5_1.pdb" /SUBSYSTEM:CONSOLE /TLBID:1 /DYNAMICBASE /NXCOMPAT /IMPLIB:"C:\Users\Леново\Desktop\АОИП\[eq\лаба 17\var14\Debug\var5_1.lib" /MACHINE:X86 Debug\var5_1cpp.obj
         var5_1.vcxproj -> C:\Users\Леново\Desktop\АОИП\[eq\лаба 17\var14\Debug\var5_1.exe
       FinalizeBuildStatus:
         Файл "Debug\var5_1.tlog\unsuccessfulbuild" удаляется.
         Обращение к "Debug\var5_1.tlog\var5_1.lastbuildstate".
     1>Сборка проекта "C:\Users\Леново\Desktop\АОИП\[eq\лаба 17\var5_1\var5_1.vcxproj" завершена (целевые объекты Build).

Сборка успешно завершена.

       "C:\Users\Леново\Desktop\АОИП\[eq\лаба 17\var5_1\var5_1.vcxproj" (целевой объект Build ) (1) ->
       (Целевой объект ClCompile) -> 
         C:\Users\Леново\Desktop\АОИП\[eq\лаба 17\var5_1\var5_1cpp.cpp(9,1): warning C4326: возвращаемый тип "main" должен быть "int", а не "void"
         C:\Users\Леново\Desktop\АОИП\[eq\лаба 17\var5_1\var5_1cpp.cpp(20,12): warning C4244: аргумент: преобразование "time_t" в "unsigned int", возможна потеря данных
         C:\Users\Леново\Desktop\АОИП\[eq\лаба 17\var5_1\var5_1cpp.cpp(46): warning C4172: возвращение адреса локальной или временной переменной : sum

    Предупреждений: 3
    Ошибок: 0

Прошло времени 00:00:03.71
