Сборка начата 19.10.2022 2:00:28.
Уровень детализации журнала: Normal.     1>Проект "C:\Users\Леново\Desktop\АОИП\[eq\var14\var14.vcxproj" в узле 2 (целевые объекты Build).
     1>InitializeBuildStatus:
         Создание "x64\Debug\var14.tlog\unsuccessfulbuild", так как было задано "AlwaysCreate".
       ClCompile:
         C:\Program Files\Microsoft Visual Studio\2022\Community\VC\Tools\MSVC\14.33.31629\bin\HostX64\x64\CL.exe /c /ZI /JMC /nologo /W3 /WX- /diagnostics:column /sdl /Od /D _DEBUG /D _CONSOLE /D _UNICODE /D UNICODE /Gm- /EHsc /RTC1 /MDd /GS /fp:precise /Zc:wchar_t /Zc:forScope /Zc:inline /permissive- /Fo"x64\Debug\\" /Fd"x64\Debug\vc143.pdb" /external:W3 /Gd /TP /FC /errorReport:prompt 2var14.cpp
         2var14.cpp
       Link:
         C:\Program Files\Microsoft Visual Studio\2022\Community\VC\Tools\MSVC\14.33.31629\bin\HostX64\x64\link.exe /ERRORREPORT:PROMPT /OUT:"C:\Users\Леново\Desktop\АОИП\[eq\Project1\x64\Debug\var14.exe" /INCREMENTAL /ILK:"x64\Debug\var14.ilk" /NOLOGO kernel32.lib user32.lib gdi32.lib winspool.lib comdlg32.lib advapi32.lib shell32.lib ole32.lib oleaut32.lib uuid.lib odbc32.lib odbccp32.lib /MANIFEST /MANIFESTUAC:"level='asInvoker' uiAccess='false'" /manifest:embed /DEBUG /PDB:"C:\Users\Леново\Desktop\АОИП\[eq\Project1\x64\Debug\var14.pdb" /SUBSYSTEM:CONSOLE /TLBID:1 /DYNAMICBASE /NXCOMPAT /IMPLIB:"C:\Users\Леново\Desktop\АОИП\[eq\Project1\x64\Debug\var14.lib" /MACHINE:X64 x64\Debug\2var14.obj
         x64\Debug\1var14.obj
         LINK : не найден или не выполнена сборка C:\Users\Леново\Desktop\АОИП\[eq\Project1\x64\Debug\var14.exe при последней инкрементной компоновке; выполняется полная компоновка
     1>1var14.obj : error LNK2005: main уже определен в 2var14.obj
     1>C:\Users\Леново\Desktop\АОИП\[eq\Project1\x64\Debug\var14.exe : fatal error LNK1169: обнаружен многократно определенный символ - один или более
     1>Сборка проекта "C:\Users\Леново\Desktop\АОИП\[eq\var14\var14.vcxproj" завершена (целевые объекты Build) с ошибкой.

Ошибка сборки.

       "C:\Users\Леново\Desktop\АОИП\[eq\var14\var14.vcxproj" (целевой объект Build ) (1) ->
       (Целевой объект Link) -> 
         1var14.obj : error LNK2005: main уже определен в 2var14.obj
         C:\Users\Леново\Desktop\АОИП\[eq\Project1\x64\Debug\var14.exe : fatal error LNK1169: обнаружен многократно определенный символ - один или более

    Предупреждений: 0
    Ошибок: 2

Прошло времени 00:00:00.85
