Сборка начата 09.11.2022 15:13:21.
Уровень детализации журнала: Normal.     1>Проект "C:\Users\Леново\Desktop\АОИП\[eq\лаба 12\var5\var5.vcxproj" в узле 2 (целевые объекты Build).
     1>PrepareForBuild:
         Создание каталога "x64\Debug\var5.tlog\".
       InitializeBuildStatus:
         Создание "x64\Debug\var5.tlog\unsuccessfulbuild", так как было задано "AlwaysCreate".
       ClCompile:
         C:\Program Files\Microsoft Visual Studio\2022\Community\VC\Tools\MSVC\14.33.31629\bin\HostX64\x64\CL.exe /c /ZI /JMC /nologo /W3 /WX- /diagnostics:column /sdl /Od /D _DEBUG /D _CONSOLE /D _UNICODE /D UNICODE /Gm- /EHsc /RTC1 /MDd /GS /fp:precise /Zc:wchar_t /Zc:forScope /Zc:inline /permissive- /Fo"x64\Debug\\" /Fd"x64\Debug\vc143.pdb" /external:W3 /Gd /TP /FC /errorReport:prompt task.cpp
         task.cpp
     1>C:\Users\Леново\Desktop\АОИП\[eq\лаба 12\var5\task.cpp(4,1): warning C4326: возвращаемый тип "main" должен быть "int", а не "void"
     1>C:\Users\Леново\Desktop\АОИП\[eq\лаба 12\var5\task.cpp(7,12): warning C4244: аргумент: преобразование "time_t" в "unsigned int", возможна потеря данных
     1>C:\Users\Леново\Desktop\АОИП\[eq\лаба 12\var5\task.cpp(8,12): warning C4101: q: неиспользованная локальная переменная
       Link:
         C:\Program Files\Microsoft Visual Studio\2022\Community\VC\Tools\MSVC\14.33.31629\bin\HostX64\x64\link.exe /ERRORREPORT:PROMPT /OUT:"C:\Users\Леново\Desktop\АОИП\[eq\лаба 12\lab12\x64\Debug\var5.exe" /INCREMENTAL /ILK:"x64\Debug\var5.ilk" /NOLOGO kernel32.lib user32.lib gdi32.lib winspool.lib comdlg32.lib advapi32.lib shell32.lib ole32.lib oleaut32.lib uuid.lib odbc32.lib odbccp32.lib /MANIFEST /MANIFESTUAC:"level='asInvoker' uiAccess='false'" /manifest:embed /DEBUG /PDB:"C:\Users\Леново\Desktop\АОИП\[eq\лаба 12\lab12\x64\Debug\var5.pdb" /SUBSYSTEM:CONSOLE /TLBID:1 /DYNAMICBASE /NXCOMPAT /IMPLIB:"C:\Users\Леново\Desktop\АОИП\[eq\лаба 12\lab12\x64\Debug\var5.lib" /MACHINE:X64 x64\Debug\task.obj
         var5.vcxproj -> C:\Users\Леново\Desktop\АОИП\[eq\лаба 12\lab12\x64\Debug\var5.exe
       FinalizeBuildStatus:
         Файл "x64\Debug\var5.tlog\unsuccessfulbuild" удаляется.
         Обращение к "x64\Debug\var5.tlog\var5.lastbuildstate".
     1>Сборка проекта "C:\Users\Леново\Desktop\АОИП\[eq\лаба 12\var5\var5.vcxproj" завершена (целевые объекты Build).

Сборка успешно завершена.

       "C:\Users\Леново\Desktop\АОИП\[eq\лаба 12\var5\var5.vcxproj" (целевой объект Build ) (1) ->
       (Целевой объект ClCompile) -> 
         C:\Users\Леново\Desktop\АОИП\[eq\лаба 12\var5\task.cpp(4,1): warning C4326: возвращаемый тип "main" должен быть "int", а не "void"
         C:\Users\Леново\Desktop\АОИП\[eq\лаба 12\var5\task.cpp(7,12): warning C4244: аргумент: преобразование "time_t" в "unsigned int", возможна потеря данных
         C:\Users\Леново\Desktop\АОИП\[eq\лаба 12\var5\task.cpp(8,12): warning C4101: q: неиспользованная локальная переменная

    Предупреждений: 3
    Ошибок: 0

Прошло времени 00:00:01.43
